app/build/intermediates/manifest_merge_blame_file/debug/manifest-merger-blame-debug-report.txt
1<?xml version="1.0" encoding="utf-8"?>
2<manifest xmlns:android="http://schemas.android.com/apk/res/android"
3    package="com.example.smartarcle"
4    android:versionCode="1"
5    android:versionName="1.0" >
6
7    <uses-sdk
8        android:minSdkVersion="23"
8-->src\main\AndroidManifest.xml
9        android:targetSdkVersion="34" />
9-->src\main\AndroidManifest.xml
10
11    <uses-permission android:name="android.permission.INTERNET" />
11-->src\main\AndroidManifest.xml:5:5-67
11-->src\main\AndroidManifest.xml:5:22-64
12    <uses-permission android:name="android.permission.ACCESS_NETWORK_STATE" />
12-->src\main\AndroidManifest.xml:6:5-79
12-->src\main\AndroidManifest.xml:6:22-76
13    <uses-permission android:name="android.permission.WRITE_EXTERNAL_STORAGE" />
13-->src\main\AndroidManifest.xml:7:5-9:40
13-->src\main\AndroidManifest.xml:8:9-65
14    <uses-permission android:name="android.permission.READ_EXTERNAL_STORAGE" />
14-->src\main\AndroidManifest.xml:10:5-80
14-->src\main\AndroidManifest.xml:10:22-77
15    <uses-permission android:name="android.permission.ACCESS_FINE_LOCATION" />
15-->src\main\AndroidManifest.xml:11:5-79
15-->src\main\AndroidManifest.xml:11:22-76
16    <uses-permission android:name="android.permission.ACCESS_COARSE_LOCATION" />
16-->src\main\AndroidManifest.xml:12:5-81
16-->src\main\AndroidManifest.xml:12:22-78
17    <uses-permission android:name="android.permission.ACCESS_BACKGROUND_LOCATION" />
17-->src\main\AndroidManifest.xml:13:5-85
17-->src\main\AndroidManifest.xml:13:22-82
18    <uses-permission android:name="android.permission.POST_NOTIFICATIONS" />
18-->src\main\AndroidManifest.xml:14:5-77
18-->src\main\AndroidManifest.xml:14:22-74
19    <uses-permission android:name="android.permission.RECEIVE_BOOT_COMPLETED" />
19-->src\main\AndroidManifest.xml:15:5-81
19-->src\main\AndroidManifest.xml:15:22-78
20    <uses-permission android:name="android.permission.ACCESS_NOTIFICATION_POLICY" />
20-->src\main\AndroidManifest.xml:16:5-85
20-->src\main\AndroidManifest.xml:16:22-82
21    <uses-permission android:name="android.permission.WAKE_LOCK" />
21-->src\main\AndroidManifest.xml:17:5-68
21-->src\main\AndroidManifest.xml:17:22-65
22    <uses-permission android:name="android.permission.VIBRATE" />
22-->src\main\AndroidManifest.xml:18:5-66
22-->src\main\AndroidManifest.xml:18:22-63
23
24    <uses-feature
24-->[com.google.android.gms:play-services-maps:19.0.0] AndroidManifest.xml:26:5-28:35
25        android:glEsVersion="0x00020000"
25-->[com.google.android.gms:play-services-maps:19.0.0] AndroidManifest.xml:27:9-41
26        android:required="true" />
26-->[com.google.android.gms:play-services-maps:19.0.0] AndroidManifest.xml:28:9-32
27
28    <queries>
28-->[com.google.android.gms:play-services-maps:19.0.0] AndroidManifest.xml:30:5-34:15
29
30        <!-- Needs to be explicitly declared on Android R+ -->
31        <package android:name="com.google.android.apps.maps" />
31-->[com.google.android.gms:play-services-maps:19.0.0] AndroidManifest.xml:33:9-64
31-->[com.google.android.gms:play-services-maps:19.0.0] AndroidManifest.xml:33:18-61
32    </queries> <!-- Required by older versions of Google Play services to create IID tokens -->
33    <uses-permission android:name="com.google.android.c2dm.permission.RECEIVE" />
33-->[com.google.firebase:firebase-messaging:24.0.0] AndroidManifest.xml:26:5-82
33-->[com.google.firebase:firebase-messaging:24.0.0] AndroidManifest.xml:26:22-79
34    <uses-permission android:name="com.google.android.gms.permission.AD_ID" />
34-->[com.google.android.gms:play-services-measurement-api:22.0.2] AndroidManifest.xml:25:5-79
34-->[com.google.android.gms:play-services-measurement-api:22.0.2] AndroidManifest.xml:25:22-76
35    <uses-permission android:name="android.permission.ACCESS_ADSERVICES_ATTRIBUTION" />
35-->[com.google.android.gms:play-services-measurement-api:22.0.2] AndroidManifest.xml:26:5-88
35-->[com.google.android.gms:play-services-measurement-api:22.0.2] AndroidManifest.xml:26:22-85
36    <uses-permission android:name="android.permission.ACCESS_ADSERVICES_AD_ID" />
36-->[com.google.android.gms:play-services-measurement-api:22.0.2] AndroidManifest.xml:27:5-82
36-->[com.google.android.gms:play-services-measurement-api:22.0.2] AndroidManifest.xml:27:22-79
37    <uses-permission android:name="com.google.android.finsky.permission.BIND_GET_INSTALL_REFERRER_SERVICE" />
37-->[com.google.android.gms:play-services-measurement:22.0.2] AndroidManifest.xml:26:5-110
37-->[com.google.android.gms:play-services-measurement:22.0.2] AndroidManifest.xml:26:22-107
38    <uses-permission android:name="com.google.android.providers.gsf.permission.READ_GSERVICES" />
38-->[com.google.android.recaptcha:recaptcha:18.4.0] AndroidManifest.xml:9:5-98
38-->[com.google.android.recaptcha:recaptcha:18.4.0] AndroidManifest.xml:9:22-95
39
40    <permission
40-->[androidx.core:core:1.13.1] AndroidManifest.xml:22:5-24:47
41        android:name="com.example.smartarcle.DYNAMIC_RECEIVER_NOT_EXPORTED_PERMISSION"
41-->[androidx.core:core:1.13.1] AndroidManifest.xml:23:9-81
42        android:protectionLevel="signature" />
42-->[androidx.core:core:1.13.1] AndroidManifest.xml:24:9-44
43
44    <uses-permission android:name="com.example.smartarcle.DYNAMIC_RECEIVER_NOT_EXPORTED_PERMISSION" />
44-->[androidx.core:core:1.13.1] AndroidManifest.xml:26:5-97
44-->[androidx.core:core:1.13.1] AndroidManifest.xml:26:22-94
45    <uses-permission android:name="android.permission.REORDER_TASKS" />
45-->[androidx.test:core:1.6.1] AndroidManifest.xml:24:5-72
45-->[androidx.test:core:1.6.1] AndroidManifest.xml:24:22-69
46
47    <application
47-->src\main\AndroidManifest.xml:20:5-130:19
48        android:allowBackup="true"
48-->src\main\AndroidManifest.xml:21:9-35
49        android:appComponentFactory="androidx.core.app.CoreComponentFactory"
49-->[androidx.core:core:1.13.1] AndroidManifest.xml:28:18-86
50        android:dataExtractionRules="@xml/data_extraction_rules"
50-->src\main\AndroidManifest.xml:22:9-65
51        android:debuggable="true"
52        android:extractNativeLibs="false"
53        android:fullBackupContent="@xml/backup_rules"
53-->src\main\AndroidManifest.xml:23:9-54
54        android:icon="@drawable/vehicle"
54-->src\main\AndroidManifest.xml:24:9-41
55        android:label="@string/app_name"
55-->src\main\AndroidManifest.xml:25:9-41
56        android:supportsRtl="true"
56-->src\main\AndroidManifest.xml:26:9-35
57        android:theme="@style/Theme.SmartArCle"
57-->src\main\AndroidManifest.xml:27:9-48
58        android:usesCleartextTraffic="true" >
58-->src\main\AndroidManifest.xml:28:9-44
59        <meta-data
59-->src\main\AndroidManifest.xml:32:9-34:71
60            android:name="com.google.android.geo.API_KEY"
60-->src\main\AndroidManifest.xml:33:13-58
61            android:value="AIzaSyB3ameMHW0WCizvVMTW-T5Tts9ce8ILgkM" />
61-->src\main\AndroidManifest.xml:34:13-68
62        <meta-data
62-->src\main\AndroidManifest.xml:35:9-37:69
63            android:name="com.google.android.gms.version"
63-->src\main\AndroidManifest.xml:36:13-58
64            android:value="@integer/google_play_services_version" />
64-->src\main\AndroidManifest.xml:37:13-66
65
66        <service
66-->src\main\AndroidManifest.xml:39:9-42:71
67            android:name="com.example.smartarcle.data.GeofenceService"
67-->src\main\AndroidManifest.xml:40:13-49
68            android:exported="false"
68-->src\main\AndroidManifest.xml:41:13-37
69            android:permission="android.permission.BIND_JOB_SERVICE" />
69-->src\main\AndroidManifest.xml:42:13-69
70        <service
70-->src\main\AndroidManifest.xml:44:9-51:19
71            android:name="com.example.smartarcle.data.FirebaseMessageService"
71-->src\main\AndroidManifest.xml:45:13-56
72            android:exported="false"
72-->src\main\AndroidManifest.xml:46:13-37
73            android:permission="TODO" >
73-->src\main\AndroidManifest.xml:47:13-38
74            <intent-filter>
74-->src\main\AndroidManifest.xml:48:13-50:29
75                <action android:name="com.google.firebase.MESSAGING_EVENT" />
75-->src\main\AndroidManifest.xml:49:17-78
75-->src\main\AndroidManifest.xml:49:25-75
76            </intent-filter>
77        </service>
78        <service android:name="com.example.smartarcle.data.NotificationService" />
78-->src\main\AndroidManifest.xml:53:9-61
78-->src\main\AndroidManifest.xml:53:18-58
79
80        <receiver
80-->src\main\AndroidManifest.xml:55:9-62:20
81            android:name="com.example.smartarcle.owner.GeoBroadcastReceiver"
81-->src\main\AndroidManifest.xml:56:13-55
82            android:enabled="true"
82-->src\main\AndroidManifest.xml:57:13-35
83            android:exported="true" >
83-->src\main\AndroidManifest.xml:58:13-36
84            <intent-filter>
84-->src\main\AndroidManifest.xml:59:13-61:29
85                <action android:name="GeofenceEvent" />
85-->src\main\AndroidManifest.xml:60:17-56
85-->src\main\AndroidManifest.xml:60:25-53
86            </intent-filter>
87        </receiver>
88
89        <activity
89-->src\main\AndroidManifest.xml:64:9-68:66
90            android:name="com.example.smartarcle.security.VehicleLocSecurity"
90-->src\main\AndroidManifest.xml:65:13-56
91            android:exported="true"
91-->src\main\AndroidManifest.xml:66:13-36
92            android:label="@string/title_activity_vehicle_loc_security"
92-->src\main\AndroidManifest.xml:67:13-72
93            android:parentActivityName="com.example.smartarcle.security.HomeSecurity" />
93-->src\main\AndroidManifest.xml:68:13-64
94        <activity
94-->src\main\AndroidManifest.xml:69:9-73:61
95            android:name="com.example.smartarcle.owner.VehicleLocOwner"
95-->src\main\AndroidManifest.xml:70:13-50
96            android:exported="true"
96-->src\main\AndroidManifest.xml:71:13-36
97            android:label="@string/title_activity_vehicle_loc_owner"
97-->src\main\AndroidManifest.xml:72:13-69
98            android:parentActivityName="com.example.smartarcle.owner.HomeOwner" />
98-->src\main\AndroidManifest.xml:73:13-58
99        <activity
99-->src\main\AndroidManifest.xml:75:9-77:40
100            android:name="com.example.smartarcle.owner.ForgetPwOwner"
100-->src\main\AndroidManifest.xml:76:13-48
101            android:exported="false" />
101-->src\main\AndroidManifest.xml:77:13-37
102        <activity
102-->src\main\AndroidManifest.xml:78:9-80:40
103            android:name="com.example.smartarcle.security.ForgetPwSecurity"
103-->src\main\AndroidManifest.xml:79:13-54
104            android:exported="false" />
104-->src\main\AndroidManifest.xml:80:13-37
105        <activity
105-->src\main\AndroidManifest.xml:81:9-84:53
106            android:name="com.example.smartarcle.security.VehicleProfileSecurity"
106-->src\main\AndroidManifest.xml:82:13-60
107            android:exported="false"
107-->src\main\AndroidManifest.xml:83:13-37
108            android:parentActivityName="com.example.smartarcle.Account" />
108-->src\main\AndroidManifest.xml:84:13-50
109        <activity
109-->src\main\AndroidManifest.xml:85:9-88:53
110            android:name="com.example.smartarcle.security.SettingSecurity"
110-->src\main\AndroidManifest.xml:86:13-53
111            android:exported="false"
111-->src\main\AndroidManifest.xml:87:13-37
112            android:parentActivityName="com.example.smartarcle.Account" />
112-->src\main\AndroidManifest.xml:88:13-50
113        <activity
113-->src\main\AndroidManifest.xml:89:9-91:40
114            android:name="com.example.smartarcle.security.HomeSecurity"
114-->src\main\AndroidManifest.xml:90:13-50
115            android:exported="false" />
115-->src\main\AndroidManifest.xml:91:13-37
116        <activity
116-->src\main\AndroidManifest.xml:92:9-95:53
117            android:name="com.example.smartarcle.owner.VehicleProfileOwner"
117-->src\main\AndroidManifest.xml:93:13-54
118            android:exported="false"
118-->src\main\AndroidManifest.xml:94:13-37
119            android:parentActivityName="com.example.smartarcle.Account" />
119-->src\main\AndroidManifest.xml:95:13-50
120        <activity
120-->src\main\AndroidManifest.xml:96:9-99:53
121            android:name="com.example.smartarcle.owner.ProfileOwner"
121-->src\main\AndroidManifest.xml:97:13-47
122            android:exported="false"
122-->src\main\AndroidManifest.xml:98:13-37
123            android:parentActivityName="com.example.smartarcle.Account" />
123-->src\main\AndroidManifest.xml:99:13-50
124        <activity
124-->src\main\AndroidManifest.xml:100:9-103:53
125            android:name="com.example.smartarcle.owner.SettingOwner"
125-->src\main\AndroidManifest.xml:101:13-47
126            android:exported="false"
126-->src\main\AndroidManifest.xml:102:13-37
127            android:parentActivityName="com.example.smartarcle.Account" />
127-->src\main\AndroidManifest.xml:103:13-50
128        <activity
128-->src\main\AndroidManifest.xml:104:9-106:40
129            android:name="com.example.smartarcle.owner.HomeOwner"
129-->src\main\AndroidManifest.xml:105:13-44
130            android:exported="false" />
130-->src\main\AndroidManifest.xml:106:13-37
131        <activity
131-->src\main\AndroidManifest.xml:107:9-110:53
132            android:name="com.example.smartarcle.owner.SignUpAsOwner"
132-->src\main\AndroidManifest.xml:108:13-48
133            android:exported="false"
133-->src\main\AndroidManifest.xml:109:13-37
134            android:parentActivityName="com.example.smartarcle.Account" />
134-->src\main\AndroidManifest.xml:110:13-50
135        <activity
135-->src\main\AndroidManifest.xml:111:9-113:40
136            android:name="com.example.smartarcle.owner.LoginAsOwner"
136-->src\main\AndroidManifest.xml:112:13-47
137            android:exported="false" />
137-->src\main\AndroidManifest.xml:113:13-37
138        <activity
138-->src\main\AndroidManifest.xml:114:9-116:40
139            android:name="com.example.smartarcle.security.LoginAsSecurity"
139-->src\main\AndroidManifest.xml:115:13-53
140            android:exported="false" />
140-->src\main\AndroidManifest.xml:116:13-37
141        <activity
141-->src\main\AndroidManifest.xml:117:9-119:40
142            android:name="com.example.smartarcle.Account"
142-->src\main\AndroidManifest.xml:118:13-36
143            android:exported="false" />
143-->src\main\AndroidManifest.xml:119:13-37
144        <activity
144-->src\main\AndroidManifest.xml:120:9-129:20
145            android:name="com.example.smartarcle.SplashScreen"
145-->src\main\AndroidManifest.xml:121:13-41
146            android:exported="true"
146-->src\main\AndroidManifest.xml:122:13-36
147            android:theme="@style/Theme.MaterialComponents.DayNight.NoActionBar.Bridge" >
147-->src\main\AndroidManifest.xml:123:13-88
148            <intent-filter>
148-->src\main\AndroidManifest.xml:124:13-128:29
149                <action android:name="android.intent.action.MAIN" />
149-->src\main\AndroidManifest.xml:125:17-69
149-->src\main\AndroidManifest.xml:125:25-66
150
151                <category android:name="android.intent.category.LAUNCHER" />
151-->src\main\AndroidManifest.xml:127:17-77
151-->src\main\AndroidManifest.xml:127:27-74
152            </intent-filter>
153        </activity>
154
155        <service
155-->[com.google.firebase:firebase-database-ktx:21.0.0] AndroidManifest.xml:9:9-15:19
156            android:name="com.google.firebase.components.ComponentDiscoveryService"
156-->[com.google.firebase:firebase-database-ktx:21.0.0] AndroidManifest.xml:10:13-84
157            android:directBootAware="true"
157-->[com.google.firebase:firebase-common:21.0.0] AndroidManifest.xml:32:13-43
158            android:exported="false" >
158-->[com.google.firebase:firebase-database-ktx:21.0.0] AndroidManifest.xml:11:13-37
159            <meta-data
159-->[com.google.firebase:firebase-database-ktx:21.0.0] AndroidManifest.xml:12:13-14:85
160                android:name="com.google.firebase.components:com.google.firebase.database.ktx.FirebaseDatabaseLegacyRegistrar"
160-->[com.google.firebase:firebase-database-ktx:21.0.0] AndroidManifest.xml:13:17-127
161                android:value="com.google.firebase.components.ComponentRegistrar" />
161-->[com.google.firebase:firebase-database-ktx:21.0.0] AndroidManifest.xml:14:17-82
162            <meta-data
162-->[com.google.firebase:firebase-firestore-ktx:25.0.0] AndroidManifest.xml:12:13-14:85
163                android:name="com.google.firebase.components:com.google.firebase.firestore.ktx.FirebaseFirestoreLegacyRegistrar"
163-->[com.google.firebase:firebase-firestore-ktx:25.0.0] AndroidManifest.xml:13:17-129
164                android:value="com.google.firebase.components.ComponentRegistrar" />
164-->[com.google.firebase:firebase-firestore-ktx:25.0.0] AndroidManifest.xml:14:17-82
165            <meta-data
165-->[com.google.firebase:firebase-messaging-ktx:24.0.0] AndroidManifest.xml:26:13-28:85
166                android:name="com.google.firebase.components:com.google.firebase.messaging.ktx.FirebaseMessagingLegacyRegistrar"
166-->[com.google.firebase:firebase-messaging-ktx:24.0.0] AndroidManifest.xml:27:17-129
167                android:value="com.google.firebase.components.ComponentRegistrar" />
167-->[com.google.firebase:firebase-messaging-ktx:24.0.0] AndroidManifest.xml:28:17-82
168            <meta-data
168-->[com.google.firebase:firebase-storage-ktx:21.0.0] AndroidManifest.xml:12:13-14:85
169                android:name="com.google.firebase.components:com.google.firebase.storage.ktx.FirebaseStorageLegacyRegistrar"
169-->[com.google.firebase:firebase-storage-ktx:21.0.0] AndroidManifest.xml:13:17-125
170                android:value="com.google.firebase.components.ComponentRegistrar" />
170-->[com.google.firebase:firebase-storage-ktx:21.0.0] AndroidManifest.xml:14:17-82
171            <meta-data
171-->[com.google.firebase:firebase-auth-ktx:23.0.0] AndroidManifest.xml:11:13-13:85
172                android:name="com.google.firebase.components:com.google.firebase.auth.ktx.FirebaseAuthLegacyRegistrar"
172-->[com.google.firebase:firebase-auth-ktx:23.0.0] AndroidManifest.xml:12:17-119
173                android:value="com.google.firebase.components.ComponentRegistrar" />
173-->[com.google.firebase:firebase-auth-ktx:23.0.0] AndroidManifest.xml:13:17-82
174            <meta-data
174-->[com.google.firebase:firebase-auth:23.0.0] AndroidManifest.xml:69:13-71:85
175                android:name="com.google.firebase.components:com.google.firebase.auth.FirebaseAuthRegistrar"
175-->[com.google.firebase:firebase-auth:23.0.0] AndroidManifest.xml:70:17-109
176                android:value="com.google.firebase.components.ComponentRegistrar" />
176-->[com.google.firebase:firebase-auth:23.0.0] AndroidManifest.xml:71:17-82
177            <meta-data
177-->[com.google.firebase:firebase-messaging:24.0.0] AndroidManifest.xml:57:13-59:85
178                android:name="com.google.firebase.components:com.google.firebase.messaging.FirebaseMessagingKtxRegistrar"
178-->[com.google.firebase:firebase-messaging:24.0.0] AndroidManifest.xml:58:17-122
179                android:value="com.google.firebase.components.ComponentRegistrar" />
179-->[com.google.firebase:firebase-messaging:24.0.0] AndroidManifest.xml:59:17-82
180            <meta-data
180-->[com.google.firebase:firebase-messaging:24.0.0] AndroidManifest.xml:60:13-62:85
181                android:name="com.google.firebase.components:com.google.firebase.messaging.FirebaseMessagingRegistrar"
181-->[com.google.firebase:firebase-messaging:24.0.0] AndroidManifest.xml:61:17-119
182                android:value="com.google.firebase.components.ComponentRegistrar" />
182-->[com.google.firebase:firebase-messaging:24.0.0] AndroidManifest.xml:62:17-82
183            <meta-data
183-->[com.google.firebase:firebase-database:21.0.0] AndroidManifest.xml:29:13-31:85
184                android:name="com.google.firebase.components:com.google.firebase.database.FirebaseDatabaseKtxRegistrar"
184-->[com.google.firebase:firebase-database:21.0.0] AndroidManifest.xml:30:17-120
185                android:value="com.google.firebase.components.ComponentRegistrar" />
185-->[com.google.firebase:firebase-database:21.0.0] AndroidManifest.xml:31:17-82
186            <meta-data
186-->[com.google.firebase:firebase-database:21.0.0] AndroidManifest.xml:32:13-34:85
187                android:name="com.google.firebase.components:com.google.firebase.database.DatabaseRegistrar"
187-->[com.google.firebase:firebase-database:21.0.0] AndroidManifest.xml:33:17-109
188                android:value="com.google.firebase.components.ComponentRegistrar" />
188-->[com.google.firebase:firebase-database:21.0.0] AndroidManifest.xml:34:17-82
189            <meta-data
189-->[com.google.firebase:firebase-firestore:25.0.0] AndroidManifest.xml:17:13-19:85
190                android:name="com.google.firebase.components:com.google.firebase.firestore.FirebaseFirestoreKtxRegistrar"
190-->[com.google.firebase:firebase-firestore:25.0.0] AndroidManifest.xml:18:17-122
191                android:value="com.google.firebase.components.ComponentRegistrar" />
191-->[com.google.firebase:firebase-firestore:25.0.0] AndroidManifest.xml:19:17-82
192            <meta-data
192-->[com.google.firebase:firebase-firestore:25.0.0] AndroidManifest.xml:20:13-22:85
193                android:name="com.google.firebase.components:com.google.firebase.firestore.FirestoreRegistrar"
193-->[com.google.firebase:firebase-firestore:25.0.0] AndroidManifest.xml:21:17-111
194                android:value="com.google.firebase.components.ComponentRegistrar" />
194-->[com.google.firebase:firebase-firestore:25.0.0] AndroidManifest.xml:22:17-82
195            <meta-data
195-->[com.google.firebase:firebase-storage:21.0.0] AndroidManifest.xml:30:13-32:85
196                android:name="com.google.firebase.components:com.google.firebase.storage.FirebaseStorageKtxRegistrar"
196-->[com.google.firebase:firebase-storage:21.0.0] AndroidManifest.xml:31:17-118
197                android:value="com.google.firebase.components.ComponentRegistrar" />
197-->[com.google.firebase:firebase-storage:21.0.0] AndroidManifest.xml:32:17-82
198            <meta-data
198-->[com.google.firebase:firebase-storage:21.0.0] AndroidManifest.xml:33:13-35:85
199                android:name="com.google.firebase.components:com.google.firebase.storage.StorageRegistrar"
199-->[com.google.firebase:firebase-storage:21.0.0] AndroidManifest.xml:34:17-107
200                android:value="com.google.firebase.components.ComponentRegistrar" />
200-->[com.google.firebase:firebase-storage:21.0.0] AndroidManifest.xml:35:17-82
201            <meta-data
201-->[com.google.firebase:firebase-appcheck:17.1.0] AndroidManifest.xml:25:13-27:85
202                android:name="com.google.firebase.components:com.google.firebase.appcheck.FirebaseAppCheckKtxRegistrar"
202-->[com.google.firebase:firebase-appcheck:17.1.0] AndroidManifest.xml:26:17-120
203                android:value="com.google.firebase.components.ComponentRegistrar" />
203-->[com.google.firebase:firebase-appcheck:17.1.0] AndroidManifest.xml:27:17-82
204            <meta-data
204-->[com.google.firebase:firebase-appcheck:17.1.0] AndroidManifest.xml:28:13-30:85
205                android:name="com.google.firebase.components:com.google.firebase.appcheck.FirebaseAppCheckRegistrar"
205-->[com.google.firebase:firebase-appcheck:17.1.0] AndroidManifest.xml:29:17-117
206                android:value="com.google.firebase.components.ComponentRegistrar" />
206-->[com.google.firebase:firebase-appcheck:17.1.0] AndroidManifest.xml:30:17-82
207            <meta-data
207-->[com.google.android.gms:play-services-measurement-api:22.0.2] AndroidManifest.xml:37:13-39:85
208                android:name="com.google.firebase.components:com.google.firebase.analytics.connector.internal.AnalyticsConnectorRegistrar"
208-->[com.google.android.gms:play-services-measurement-api:22.0.2] AndroidManifest.xml:38:17-139
209                android:value="com.google.firebase.components.ComponentRegistrar" />
209-->[com.google.android.gms:play-services-measurement-api:22.0.2] AndroidManifest.xml:39:17-82
210            <meta-data
210-->[com.google.firebase:firebase-installations:17.2.0] AndroidManifest.xml:15:13-17:85
211                android:name="com.google.firebase.components:com.google.firebase.installations.FirebaseInstallationsKtxRegistrar"
211-->[com.google.firebase:firebase-installations:17.2.0] AndroidManifest.xml:16:17-130
212                android:value="com.google.firebase.components.ComponentRegistrar" />
212-->[com.google.firebase:firebase-installations:17.2.0] AndroidManifest.xml:17:17-82
213            <meta-data
213-->[com.google.firebase:firebase-installations:17.2.0] AndroidManifest.xml:18:13-20:85
214                android:name="com.google.firebase.components:com.google.firebase.installations.FirebaseInstallationsRegistrar"
214-->[com.google.firebase:firebase-installations:17.2.0] AndroidManifest.xml:19:17-127
215                android:value="com.google.firebase.components.ComponentRegistrar" />
215-->[com.google.firebase:firebase-installations:17.2.0] AndroidManifest.xml:20:17-82
216            <meta-data
216-->[com.google.firebase:firebase-common-ktx:21.0.0] AndroidManifest.xml:12:13-14:85
217                android:name="com.google.firebase.components:com.google.firebase.ktx.FirebaseCommonLegacyRegistrar"
217-->[com.google.firebase:firebase-common-ktx:21.0.0] AndroidManifest.xml:13:17-116
218                android:value="com.google.firebase.components.ComponentRegistrar" />
218-->[com.google.firebase:firebase-common-ktx:21.0.0] AndroidManifest.xml:14:17-82
219            <meta-data
219-->[com.google.firebase:firebase-common:21.0.0] AndroidManifest.xml:35:13-37:85
220                android:name="com.google.firebase.components:com.google.firebase.FirebaseCommonKtxRegistrar"
220-->[com.google.firebase:firebase-common:21.0.0] AndroidManifest.xml:36:17-109
221                android:value="com.google.firebase.components.ComponentRegistrar" />
221-->[com.google.firebase:firebase-common:21.0.0] AndroidManifest.xml:37:17-82
222            <meta-data
222-->[com.google.firebase:firebase-datatransport:18.2.0] AndroidManifest.xml:25:13-27:85
223                android:name="com.google.firebase.components:com.google.firebase.datatransport.TransportRegistrar"
223-->[com.google.firebase:firebase-datatransport:18.2.0] AndroidManifest.xml:26:17-115
224                android:value="com.google.firebase.components.ComponentRegistrar" />
224-->[com.google.firebase:firebase-datatransport:18.2.0] AndroidManifest.xml:27:17-82
225        </service> <!-- Needs to be explicitly declared on P+ -->
226        <uses-library
226-->[com.google.android.gms:play-services-maps:19.0.0] AndroidManifest.xml:39:9-41:40
227            android:name="org.apache.http.legacy"
227-->[com.google.android.gms:play-services-maps:19.0.0] AndroidManifest.xml:40:13-50
228            android:required="false" />
228-->[com.google.android.gms:play-services-maps:19.0.0] AndroidManifest.xml:41:13-37
229
230        <activity
230-->[com.google.firebase:firebase-auth:23.0.0] AndroidManifest.xml:29:9-46:20
231            android:name="com.google.firebase.auth.internal.GenericIdpActivity"
231-->[com.google.firebase:firebase-auth:23.0.0] AndroidManifest.xml:30:13-80
232            android:excludeFromRecents="true"
232-->[com.google.firebase:firebase-auth:23.0.0] AndroidManifest.xml:31:13-46
233            android:exported="true"
233-->[com.google.firebase:firebase-auth:23.0.0] AndroidManifest.xml:32:13-36
234            android:launchMode="singleTask"
234-->[com.google.firebase:firebase-auth:23.0.0] AndroidManifest.xml:33:13-44
235            android:theme="@android:style/Theme.Translucent.NoTitleBar" >
235-->[com.google.firebase:firebase-auth:23.0.0] AndroidManifest.xml:34:13-72
236            <intent-filter>
236-->[com.google.firebase:firebase-auth:23.0.0] AndroidManifest.xml:35:13-45:29
237                <action android:name="android.intent.action.VIEW" />
237-->[com.google.firebase:firebase-auth:23.0.0] AndroidManifest.xml:36:17-69
237-->[com.google.firebase:firebase-auth:23.0.0] AndroidManifest.xml:36:25-66
238
239                <category android:name="android.intent.category.DEFAULT" />
239-->[com.google.firebase:firebase-auth:23.0.0] AndroidManifest.xml:38:17-76
239-->[com.google.firebase:firebase-auth:23.0.0] AndroidManifest.xml:38:27-73
240                <category android:name="android.intent.category.BROWSABLE" />
240-->[com.google.firebase:firebase-auth:23.0.0] AndroidManifest.xml:39:17-78
240-->[com.google.firebase:firebase-auth:23.0.0] AndroidManifest.xml:39:27-75
241
242                <data
242-->[com.google.firebase:firebase-auth:23.0.0] AndroidManifest.xml:41:17-44:51
243                    android:host="firebase.auth"
243-->[com.google.firebase:firebase-auth:23.0.0] AndroidManifest.xml:42:21-49
244                    android:path="/"
244-->[com.google.firebase:firebase-auth:23.0.0] AndroidManifest.xml:43:21-37
245                    android:scheme="genericidp" />
245-->[com.google.firebase:firebase-auth:23.0.0] AndroidManifest.xml:44:21-48
246            </intent-filter>
247        </activity>
248        <activity
248-->[com.google.firebase:firebase-auth:23.0.0] AndroidManifest.xml:47:9-64:20
249            android:name="com.google.firebase.auth.internal.RecaptchaActivity"
249-->[com.google.firebase:firebase-auth:23.0.0] AndroidManifest.xml:48:13-79
250            android:excludeFromRecents="true"
250-->[com.google.firebase:firebase-auth:23.0.0] AndroidManifest.xml:49:13-46
251            android:exported="true"
251-->[com.google.firebase:firebase-auth:23.0.0] AndroidManifest.xml:50:13-36
252            android:launchMode="singleTask"
252-->[com.google.firebase:firebase-auth:23.0.0] AndroidManifest.xml:51:13-44
253            android:theme="@android:style/Theme.Translucent.NoTitleBar" >
253-->[com.google.firebase:firebase-auth:23.0.0] AndroidManifest.xml:52:13-72
254            <intent-filter>